<?xml version="1.0" encoding="UTF-8"?>
<!-- Generated by org.testng.reporters.JUnitReportReporter -->
<testsuite skipped="0" hostname="Nicky" name="org.project.Crazy1" tests="4" failures="0" timestamp="24 Sep 2022 05:15:10 GMT" time="23.692" errors="0">
  <testcase name="tc1" time="5.523" classname="org.project.Crazy1"/>
  <testcase name="tc3" time="4.628" classname="org.project.Crazy1"/>
  <testcase name="tc2" time="4.195" classname="org.project.Crazy1"/>
  <testcase name="tc4" time="9.346" classname="org.project.Crazy1"/>
</testsuite> <!-- org.project.Crazy1 -->
