<?xml version="1.0" encoding="UTF-8"?>
<!-- Generated by org.testng.reporters.JUnitReportReporter -->
<testsuite skipped="1" hostname="Nicky" name="org.project.TestNg" tests="6" failures="0" timestamp="24 Sep 2022 06:48:19 GMT" time="0.010" errors="0">
  <testcase name="tc1" time="0.004" classname="org.project.TestNg"/>
  <testcase name="tc2" time="0.001" classname="org.project.TestNg"/>
  <testcase name="tc2" time="0.003" classname="org.project.TestNg"/>
  <testcase name="tc2" time="0.001" classname="org.project.TestNg"/>
  <testcase name="tc4" time="0.001" classname="org.project.TestNg"/>
  <testcase name="tc3" classname="org.project.TestNg">
    <skipped/>
  </testcase> <!-- tc3 -->
</testsuite> <!-- org.project.TestNg -->
